<?xml version="1.0" encoding="UTF-8"?><testsuite errors="0" failures="0" name="com.github.serenityBdd.features.navigation.WhenBrowingProductCategories" skipped="0" tests="2" time="48.92" timestamp="2019-01-25T19:36:33.040+02:00[Europe/Athens]"><testcase classname="com.github.serenityBdd.features.navigation.WhenBrowingProductCategories" name="Should be able to navigate to motors category"/><testcase classname="com.github.serenityBdd.features.navigation.WhenBrowingProductCategories" name="Should be able to view motors category"/></testsuite>