<?xml version="1.0" encoding="UTF-8"?><testsuite errors="0" failures="0" name="com.github.serenityBdd.features.navigation.screenPlayPattern.WhenBrowingProductCategories" skipped="0" tests="2" time="44.2" timestamp="2019-01-26T19:01:22.335+02:00[Europe/Athens]"><testcase classname="com.github.serenityBdd.features.navigation.screenPlayPattern.WhenBrowingProductCategories" name="Should be able to view sports category"/><testcase classname="com.github.serenityBdd.features.navigation.screenPlayPattern.WhenBrowingProductCategories" name="Should be able to view motors category"/></testsuite>